修改人：suxiaobo
修改原因：更改commit.txt重定向到note.log的语句
目前缺陷：无法识别方向键和删除键
Mon Aug 13 10:22:55 CST 2018
*****************************
修改人：suxiaobo
修改原因：将make改为make -s，修改之前note.log出现文件名的bug
目前缺陷：无法识别方向键和删除键，编译时间实在脚本内添加而不是在程序中添加
Mon Aug 13 10:26:28 CST 2018
*****************************
修改人：suxiaobo
修改原因：加入编译时间，main.c中加入清屏函数
目前缺陷：无法识别方向键和删除键
Mon Aug 13 12:31:21 CST 2018
*****************************
修改人：苏小波
修改原因：更改脚本中修改环境变量LD_LIBRARY_OATH的位置，增加保存原环境变量值得变量
目前缺陷：无法识别方向键和删除键
Tue Aug 14 10:03:34 CST 2018
*****************************
